<?xml version="1.0" encoding="UTF-8"?>
<!-- Generated by org.testng.reporters.JUnitReportReporter -->
<testsuite hostname="TYSS-Manojshetty" failures="0" tests="4" name="ty.com.TutorialsNinja.qa.testcases.RegisterTest" time="20.085" errors="0" timestamp="2023-08-31T09:06:56 IST" skipped="0">
  <testcase classname="ty.com.TutorialsNinja.qa.testcases.RegisterTest" name="validateRegisterAnAccountByMandatoryDetails" time="6.023"/>
  <system-out/>
  <testcase classname="ty.com.TutorialsNinja.qa.testcases.RegisterTest" name="verifyRegisteringAccountByprovidingAllFields" time="5.211"/>
  <system-out/>
  <testcase classname="ty.com.TutorialsNinja.qa.testcases.RegisterTest" name="verifyRegisteringAccountByExistingAccountDetails" time="4.254"/>
  <system-out/>
  <testcase classname="ty.com.TutorialsNinja.qa.testcases.RegisterTest" name="verifyNotificationMessagesDisplayedForMandatoryFieldsDonProvideAnyFieldsInRegisterPageSubmit" time="4.597"/>
  <system-out/>
</testsuite> <!-- ty.com.TutorialsNinja.qa.testcases.RegisterTest -->
