<?xml version="1.0" encoding="UTF-8"?>
<!-- Generated by org.testng.reporters.JUnitReportReporter -->
<testsuite hostname="TYSS-Manojshetty" failures="0" tests="6" name="ty.com.TutorialsNinja.qa.testcases.LoginTest" time="22.819" errors="0" timestamp="2023-08-31T09:06:56 IST" skipped="0">
  <testcase classname="ty.com.TutorialsNinja.qa.testcases.LoginTest" name="verifyLoginWithValidCredentials" time="3.446"/>
  <system-out/>
  <testcase classname="ty.com.TutorialsNinja.qa.testcases.LoginTest" name="verifyLoginWithValidCredentials" time="4.102"/>
  <system-out/>
  <testcase classname="ty.com.TutorialsNinja.qa.testcases.LoginTest" name="verifyLoginWithiInValidCredentialsInvalidEmilInvalidPassword" time="4.041"/>
  <system-out/>
  <testcase classname="ty.com.TutorialsNinja.qa.testcases.LoginTest" name="verifyLoginWithInvalidEmilValidPassword" time="4.192"/>
  <system-out/>
  <testcase classname="ty.com.TutorialsNinja.qa.testcases.LoginTest" name="verifyLoginWithValidEmailAddressInvalidPassword" time="3.855"/>
  <system-out/>
  <testcase classname="ty.com.TutorialsNinja.qa.testcases.LoginTest" name="verifyLoginWithoutProvidingCredentials" time="3.183"/>
  <system-out/>
</testsuite> <!-- ty.com.TutorialsNinja.qa.testcases.LoginTest -->
